2026-03-07 20:21:24.240 | INFO     | customer_module.customer:display_all_customers_stats:29 - FETCHING CUSTOMERS STATS...
2026-03-07 20:21:24.241 | INFO     | customer_module.customer:display_all_customers:16 - FETCHING ALL CUSTOMERS...
2026-03-07 20:21:24.249 | SUCCESS  | customer_module.customer:display_all_customers:22 - FETCHED ALL CUSTOMERS...
2026-03-07 20:21:24.250 | SUCCESS  | customer_module.customer:display_all_customers_stats:35 - FETCHED CUSTOMERS STATS...
2026-03-07 20:21:28.215 | INFO     | customer_module.customer:display_customer:137 - GETTING THE CUSTOMER 30 ...
2026-03-07 20:21:28.226 | INFO     | customer_module.customer:display_customer:146 - GOT THE CUSTOMER 30 ...
2026-03-07 20:21:36.733 | INFO     | customer_module.customer:update_customer:98 - UPDATING THE CUSTOMER 30 => {'cell_phone': '03212551506', 'modified_by': 'Muzamil Suleman'} ..
2026-03-07 20:21:36.757 | WARNING  | customer_module.customer:update_customer:109 - The cell phone number "03212551506" is already registered.
2026-03-07 20:21:36.871 | INFO     | customer_module.customer:display_customer:137 - GETTING THE CUSTOMER 30 ...
2026-03-07 20:21:36.876 | INFO     | customer_module.customer:display_customer:146 - GOT THE CUSTOMER 30 ...
2026-03-07 20:22:22.598 | CRITICAL | database:GET_DB:30 - DATABASE SERVER IS DEAD AND CONNECTION LOST DURING TRANSCATION... could not translate host name "localhos" to address: Name or service not known

2026-03-07 20:22:22.599 | CRITICAL | database:GET_DB:30 - DATABASE SERVER IS DEAD AND CONNECTION LOST DURING TRANSCATION... could not translate host name "localhos" to address: Name or service not known

2026-03-07 20:23:26.268 | INFO     | customer_module.customer:display_all_customers_stats:29 - FETCHING CUSTOMERS STATS...
2026-03-07 20:23:26.268 | INFO     | customer_module.customer:display_all_customers:16 - FETCHING ALL CUSTOMERS...
2026-03-07 20:23:26.274 | SUCCESS  | customer_module.customer:display_all_customers:22 - FETCHED ALL CUSTOMERS...
2026-03-07 20:23:26.274 | SUCCESS  | customer_module.customer:display_all_customers_stats:35 - FETCHED CUSTOMERS STATS...
2026-03-07 20:25:40.395 | INFO     | customer_module.customer:display_customer:137 - GETTING THE CUSTOMER 25 ...
2026-03-07 20:25:40.402 | INFO     | customer_module.customer:display_customer:146 - GOT THE CUSTOMER 25 ...
2026-03-07 20:25:51.437 | INFO     | customer_module.customer:update_customer:98 - UPDATING THE CUSTOMER -1 => {'name': 'Wajiha Akba', 'modified_by': 'Muzamil Suleman'} ..
2026-03-07 20:25:51.443 | WARNING  | customer_module.customer:update_customer:109 - The provided Customer ID (-1) is invalid.
2026-03-07 20:25:51.543 | INFO     | customer_module.customer:display_customer:137 - GETTING THE CUSTOMER 25 ...
2026-03-07 20:25:51.550 | INFO     | customer_module.customer:display_customer:146 - GOT THE CUSTOMER 25 ...
2026-03-07 20:27:17.495 | INFO     | customer_module.customer:display_customer:137 - GETTING THE CUSTOMER 25 ...
2026-03-07 20:27:17.503 | INFO     | customer_module.customer:display_customer:146 - GOT THE CUSTOMER 25 ...
2026-03-07 20:27:35.327 | ERROR    | database:GET_DB:41 - API REQUEST DATA VALIDATION IS VIOLATED => 1 validation error:
  {'type': 'int_parsing', 'loc': ('body', 'unit_price'), 'msg': 'Input should be a valid integer, unable to parse string as an integer', 'input': 'HELLO'}

  File "C:\Users\Mr-Computer\Desktop\APP\backend\customer_module\customer.py", line 92, in update_customer
    PUT /customer/update/{id}
2026-03-07 20:27:35.416 | INFO     | customer_module.customer:display_customer:137 - GETTING THE CUSTOMER 25 ...
2026-03-07 20:27:35.422 | INFO     | customer_module.customer:display_customer:146 - GOT THE CUSTOMER 25 ...
