2026-03-06 22:31:03.615 | INFO     | customer_module.customer:display_all_customers_stats:29 - FETCHING CUSTOMERS STATS...
2026-03-06 22:31:03.620 | INFO     | customer_module.customer:display_all_customers:16 - FETCHING ALL CUSTOMERS...
2026-03-06 22:31:03.622 | SUCCESS  | customer_module.customer:display_all_customers_stats:35 - FETCHED CUSTOMERS STATS...
2026-03-06 22:31:03.625 | SUCCESS  | customer_module.customer:display_all_customers:22 - FETCHED ALL CUSTOMERS...
2026-03-06 22:34:07.096 | INFO     | customer_module.customer:display_customer:128 - GETTING THE CUSTOMER 37 ...
2026-03-06 22:34:07.105 | INFO     | customer_module.customer:display_customer:137 - GOT THE CUSTOMER 37 ...
2026-03-06 22:34:16.440 | INFO     | customer_module.customer:update_customer:94 - UPDATING THE CUSTOMER 37 => {'name': 'Ali Rajper', 'modified_by': 'Muzamil Suleman'} ...
2026-03-06 22:34:16.453 | ERROR    | customer_module.customer:update_customer:105 - The name "ali rajper" is already taken by another customer.
2026-03-06 22:34:16.584 | INFO     | customer_module.customer:display_customer:128 - GETTING THE CUSTOMER 37 ...
2026-03-06 22:34:16.592 | INFO     | customer_module.customer:display_customer:137 - GOT THE CUSTOMER 37 ...
2026-03-06 22:46:12.002 | INFO     | customer_module.customer:display_customer:128 - GETTING THE CUSTOMER 54 ...
2026-03-06 22:46:12.011 | INFO     | customer_module.customer:display_customer:137 - GOT THE CUSTOMER 54 ...
2026-03-07 01:16:22.480 | INFO     | customer_module.customer:display_customer:128 - GETTING THE CUSTOMER 32 ...
2026-03-07 01:16:22.487 | INFO     | customer_module.customer:display_customer:137 - GOT THE CUSTOMER 32 ...
2026-03-07 01:16:26.249 | INFO     | customer_module.customer:filter_customers:42 - FETCHING FILTERED CUSTOMERS...
2026-03-07 01:16:26.257 | SUCCESS  | customer_module.customer:filter_customers:63 - FETCHED name-desc FILTERED CUSTOMERS...
2026-03-07 01:16:29.044 | INFO     | customer_module.customer:display_customer:128 - GETTING THE CUSTOMER 32 ...
2026-03-07 01:16:29.074 | INFO     | customer_module.customer:display_customer:137 - GOT THE CUSTOMER 32 ...
2026-03-07 01:16:30.813 | INFO     | customer_module.customer:display_customer:128 - GETTING THE CUSTOMER 27 ...
2026-03-07 01:16:30.820 | INFO     | customer_module.customer:display_customer:137 - GOT THE CUSTOMER 27 ...
2026-03-07 01:16:34.958 | INFO     | customer_module.customer:update_customer:94 - UPDATING THE CUSTOMER 27 => {'is_active': False, 'modified_by': 'Muzamil Suleman'} ...
2026-03-07 01:16:34.973 | SUCCESS  | customer_module.customer:update_customer:97 - UPDATED THE CUSTOMER 27 ...
2026-03-07 01:16:35.158 | INFO     | customer_module.customer:display_customer:128 - GETTING THE CUSTOMER 27 ...
2026-03-07 01:16:35.188 | INFO     | customer_module.customer:display_customer:137 - GOT THE CUSTOMER 27 ...
2026-03-07 01:16:35.196 | INFO     | customer_module.customer:filter_customers:42 - FETCHING FILTERED CUSTOMERS...
2026-03-07 01:16:35.207 | SUCCESS  | customer_module.customer:filter_customers:63 - FETCHED name-desc FILTERED CUSTOMERS...
2026-03-07 01:16:35.244 | INFO     | customer_module.customer:display_all_customers_stats:29 - FETCHING CUSTOMERS STATS...
2026-03-07 01:16:35.278 | SUCCESS  | customer_module.customer:display_all_customers_stats:35 - FETCHED CUSTOMERS STATS...
2026-03-07 01:18:54.337 | INFO     | customer_module.customer:display_customer:128 - GETTING THE CUSTOMER 27 ...
2026-03-07 01:18:54.341 | INFO     | customer_module.customer:display_all_customers_stats:29 - FETCHING CUSTOMERS STATS...
2026-03-07 01:18:54.352 | INFO     | customer_module.customer:display_customer:137 - GOT THE CUSTOMER 27 ...
2026-03-07 01:18:54.387 | SUCCESS  | customer_module.customer:display_all_customers_stats:35 - FETCHED CUSTOMERS STATS...
2026-03-07 01:18:54.472 | INFO     | customer_module.customer:filter_customers:42 - FETCHING FILTERED CUSTOMERS...
2026-03-07 01:18:54.483 | SUCCESS  | customer_module.customer:filter_customers:63 - FETCHED id-asc FILTERED CUSTOMERS...
2026-03-07 01:19:12.754 | INFO     | customer_module.customer:display_customer:128 - GETTING THE CUSTOMER 25 ...
2026-03-07 01:19:12.760 | INFO     | customer_module.customer:display_customer:137 - GOT THE CUSTOMER 25 ...
